The system is: Linux - 4.9.103 - aarch64
Compiling the C compiler identification source file "CMakeCCompilerId.c" succeeded.
Compiler: /usr/bin/cc 
Build flags: 
Id flags: 

The output was:
0


Compilation of the C compiler identification source "CMakeCCompilerId.c" produced "a.out"

The C compiler identification is GNU, found in "/tmp/tmp.IGrGkNw3hB/cmake-build-debug-remote/CMakeFiles/3.5.1/CompilerIdC/a.out"

Compiling the CXX compiler identification source file "CMakeCXXCompilerId.cpp" succeeded.
Compiler: /usr/bin/c++ 
Build flags: 
Id flags: 

The output was:
0


Compilation of the CXX compiler identification source "CMakeCXXCompilerId.cpp" produced "a.out"

The CXX compiler identification is GNU, found in "/tmp/tmp.IGrGkNw3hB/cmake-build-debug-remote/CMakeFiles/3.5.1/CompilerIdCXX/a.out"

Determining if the C compiler works passed with the following output:
Change Dir: /tmp/tmp.IGrGkNw3hB/cmake-build-debug-remote/CMakeFiles/CMakeTmp

Run Build Command:"/usr/bin/make" "cmTC_93473/fast"
/usr/bin/make -f CMakeFiles/cmTC_93473.dir/build.make CMakeFiles/cmTC_93473.dir/build
make[1]: Entering directory '/tmp/tmp.IGrGkNw3hB/cmake-build-debug-remote/CMakeFiles/CMakeTmp'
Building C object CMakeFiles/cmTC_93473.dir/testCCompiler.c.o
/usr/bin/cc     -o CMakeFiles/cmTC_93473.dir/testCCompiler.c.o   -c /tmp/tmp.IGrGkNw3hB/cmake-build-debug-remote/CMakeFiles/CMakeTmp/testCCompiler.c
Linking C executable cmTC_93473
/usr/bin/cmake -E cmake_link_script CMakeFiles/cmTC_93473.dir/link.txt --verbose=1
/usr/bin/cc       CMakeFiles/cmTC_93473.dir/testCCompiler.c.o  -o cmTC_93473 -rdynamic 
make[1]: Leaving directory '/tmp/tmp.IGrGkNw3hB/cmake-build-debug-remote/CMakeFiles/CMakeTmp'


Detecting C compiler ABI info compiled with the following output:
Change Dir: /tmp/tmp.IGrGkNw3hB/cmake-build-debug-remote/CMakeFiles/CMakeTmp

Run Build Command:"/usr/bin/make" "cmTC_fefd0/fast"
/usr/bin/make -f CMakeFiles/cmTC_fefd0.dir/build.make CMakeFiles/cmTC_fefd0.dir/build
make[1]: Entering directory '/tmp/tmp.IGrGkNw3hB/cmake-build-debug-remote/CMakeFiles/CMakeTmp'
Building C object CMakeFiles/cmTC_fefd0.dir/CMakeCCompilerABI.c.o
/usr/bin/cc     -o CMakeFiles/cmTC_fefd0.dir/CMakeCCompilerABI.c.o   -c /usr/share/cmake-3.5/Modules/CMakeCCompilerABI.c
Linking C executable cmTC_fefd0
/usr/bin/cmake -E cmake_link_script CMakeFiles/cmTC_fefd0.dir/link.txt --verbose=1
/usr/bin/cc      -v CMakeFiles/cmTC_fefd0.dir/CMakeCCompilerABI.c.o  -o cmTC_fefd0 -rdynamic  
Using built-in specs.
COLLECT_GCC=/usr/bin/cc
COLLECT_LTO_WRAPPER=/usr/lib/gcc/aarch64-linux-gnu/4.9/lto-wrapper
Target: aarch64-linux-gnu
Configured with: ../src/configure -v --with-pkgversion='Ubuntu/Linaro 4.9.3-13ubuntu2' --with-bugurl=file:///usr/share/doc/gcc-4.9/README.Bugs --enable-languages=c,c++,java,go,d,fortran,objc,obj-c++ --prefix=/usr --program-suffix=-4.9 --enable-shared --enable-linker-build-id --libexecdir=/usr/lib --without-included-gettext --enable-threads=posix --with-gxx-include-dir=/usr/include/c++/4.9 --libdir=/usr/lib --enable-nls --with-sysroot=/ --enable-clocale=gnu --enable-libstdcxx-debug --enable-libstdcxx-time=yes --enable-gnu-unique-object --disable-libsanitizer --disable-libquadmath --enable-plugin --with-system-zlib --disable-browser-plugin --enable-java-awt=gtk --enable-gtk-cairo --with-java-home=/usr/lib/jvm/java-1.5.0-gcj-4.9-arm64/jre --enable-java-home --with-jvm-root-dir=/usr/lib/jvm/java-1.5.0-gcj-4.9-arm64 --with-jvm-jar-dir=/usr/lib/jvm-exports/java-1.5.0-gcj-4.9-arm64 --with-arch-directory=arm64 --with-ecj-jar=/usr/share/java/eclipse-ecj.jar --enable-multiarch --disable-werror --enable-checking=release --build=aarch64-linux-gnu --host=aarch64-linux-gnu --target=aarch64-linux-gnu
Thread model: posix
gcc version 4.9.3 (Ubuntu/Linaro 4.9.3-13ubuntu2) 
COMPILER_PATH=/usr/lib/gcc/aarch64-linux-gnu/4.9/:/usr/lib/gcc/aarch64-linux-gnu/4.9/:/usr/lib/gcc/aarch64-linux-gnu/:/usr/lib/gcc/aarch64-linux-gnu/4.9/:/usr/lib/gcc/aarch64-linux-gnu/
LIBRARY_PATH=/usr/lib/gcc/aarch64-linux-gnu/4.9/:/usr/lib/gcc/aarch64-linux-gnu/4.9/../../../aarch64-linux-gnu/:/usr/lib/gcc/aarch64-linux-gnu/4.9/../../../../lib/:/lib/aarch64-linux-gnu/:/lib/../lib/:/usr/lib/aarch64-linux-gnu/:/usr/lib/../lib/:/usr/lib/gcc/aarch64-linux-gnu/4.9/../../../:/lib/:/usr/lib/
COLLECT_GCC_OPTIONS='-v' '-o' 'cmTC_fefd0' '-rdynamic' '-mlittle-endian' '-mabi=lp64'
 /usr/lib/gcc/aarch64-linux-gnu/4.9/collect2 -plugin /usr/lib/gcc/aarch64-linux-gnu/4.9/liblto_plugin.so -plugin-opt=/usr/lib/gcc/aarch64-linux-gnu/4.9/lto-wrapper -plugin-opt=-fresolution=/tmp/ccC96OKa.res -plugin-opt=-pass-through=-lgcc -plugin-opt=-pass-through=-lgcc_s -plugin-opt=-pass-through=-lc -plugin-opt=-pass-through=-lgcc -plugin-opt=-pass-through=-lgcc_s --sysroot=/ --build-id --eh-frame-hdr --hash-style=gnu --as-needed -export-dynamic -dynamic-linker /lib/ld-linux-aarch64.so.1 -X -EL -maarch64linux -z relro -o cmTC_fefd0 /usr/lib/gcc/aarch64-linux-gnu/4.9/../../../aarch64-linux-gnu/crt1.o /usr/lib/gcc/aarch64-linux-gnu/4.9/../../../aarch64-linux-gnu/crti.o /usr/lib/gcc/aarch64-linux-gnu/4.9/crtbegin.o -L/usr/lib/gcc/aarch64-linux-gnu/4.9 -L/usr/lib/gcc/aarch64-linux-gnu/4.9/../../../aarch64-linux-gnu -L/usr/lib/gcc/aarch64-linux-gnu/4.9/../../../../lib -L/lib/aarch64-linux-gnu -L/lib/../lib -L/usr/lib/aarch64-linux-gnu -L/usr/lib/../lib -L/usr/lib/gcc/aarch64-linux-gnu/4.9/../../.. CMakeFiles/cmTC_fefd0.dir/CMakeCCompilerABI.c.o -lgcc --as-needed -lgcc_s --no-as-needed -lc -lgcc --as-needed -lgcc_s --no-as-needed /usr/lib/gcc/aarch64-linux-gnu/4.9/crtend.o /usr/lib/gcc/aarch64-linux-gnu/4.9/../../../aarch64-linux-gnu/crtn.o
make[1]: Leaving directory '/tmp/tmp.IGrGkNw3hB/cmake-build-debug-remote/CMakeFiles/CMakeTmp'


Parsed C implicit link information from above output:
  link line regex: [^( *|.*[/\])(ld|([^/\]+-)?ld|collect2)[^/\]*( |$)]
  ignore line: [Change Dir: /tmp/tmp.IGrGkNw3hB/cmake-build-debug-remote/CMakeFiles/CMakeTmp]
  ignore line: []
  ignore line: [Run Build Command:"/usr/bin/make" "cmTC_fefd0/fast"]
  ignore line: [/usr/bin/make -f CMakeFiles/cmTC_fefd0.dir/build.make CMakeFiles/cmTC_fefd0.dir/build]
  ignore line: [make[1]: Entering directory '/tmp/tmp.IGrGkNw3hB/cmake-build-debug-remote/CMakeFiles/CMakeTmp']
  ignore line: [Building C object CMakeFiles/cmTC_fefd0.dir/CMakeCCompilerABI.c.o]
  ignore line: [/usr/bin/cc     -o CMakeFiles/cmTC_fefd0.dir/CMakeCCompilerABI.c.o   -c /usr/share/cmake-3.5/Modules/CMakeCCompilerABI.c]
  ignore line: [Linking C executable cmTC_fefd0]
  ignore line: [/usr/bin/cmake -E cmake_link_script CMakeFiles/cmTC_fefd0.dir/link.txt --verbose=1]
  ignore line: [/usr/bin/cc      -v CMakeFiles/cmTC_fefd0.dir/CMakeCCompilerABI.c.o  -o cmTC_fefd0 -rdynamic  ]
  ignore line: [Using built-in specs.]
  ignore line: [COLLECT_GCC=/usr/bin/cc]
  ignore line: [COLLECT_LTO_WRAPPER=/usr/lib/gcc/aarch64-linux-gnu/4.9/lto-wrapper]
  ignore line: [Target: aarch64-linux-gnu]
  ignore line: [Configured with: ../src/configure -v --with-pkgversion='Ubuntu/Linaro 4.9.3-13ubuntu2' --with-bugurl=file:///usr/share/doc/gcc-4.9/README.Bugs --enable-languages=c,c++,java,go,d,fortran,objc,obj-c++ --prefix=/usr --program-suffix=-4.9 --enable-shared --enable-linker-build-id --libexecdir=/usr/lib --without-included-gettext --enable-threads=posix --with-gxx-include-dir=/usr/include/c++/4.9 --libdir=/usr/lib --enable-nls --with-sysroot=/ --enable-clocale=gnu --enable-libstdcxx-debug --enable-libstdcxx-time=yes --enable-gnu-unique-object --disable-libsanitizer --disable-libquadmath --enable-plugin --with-system-zlib --disable-browser-plugin --enable-java-awt=gtk --enable-gtk-cairo --with-java-home=/usr/lib/jvm/java-1.5.0-gcj-4.9-arm64/jre --enable-java-home --with-jvm-root-dir=/usr/lib/jvm/java-1.5.0-gcj-4.9-arm64 --with-jvm-jar-dir=/usr/lib/jvm-exports/java-1.5.0-gcj-4.9-arm64 --with-arch-directory=arm64 --with-ecj-jar=/usr/share/java/eclipse-ecj.jar --enable-multiarch --disable-werror --enable-checking=release --build=aarch64-linux-gnu --host=aarch64-linux-gnu --target=aarch64-linux-gnu]
  ignore line: [Thread model: posix]
  ignore line: [gcc version 4.9.3 (Ubuntu/Linaro 4.9.3-13ubuntu2) ]
  ignore line: [COMPILER_PATH=/usr/lib/gcc/aarch64-linux-gnu/4.9/:/usr/lib/gcc/aarch64-linux-gnu/4.9/:/usr/lib/gcc/aarch64-linux-gnu/:/usr/lib/gcc/aarch64-linux-gnu/4.9/:/usr/lib/gcc/aarch64-linux-gnu/]
  ignore line: [LIBRARY_PATH=/usr/lib/gcc/aarch64-linux-gnu/4.9/:/usr/lib/gcc/aarch64-linux-gnu/4.9/../../../aarch64-linux-gnu/:/usr/lib/gcc/aarch64-linux-gnu/4.9/../../../../lib/:/lib/aarch64-linux-gnu/:/lib/../lib/:/usr/lib/aarch64-linux-gnu/:/usr/lib/../lib/:/usr/lib/gcc/aarch64-linux-gnu/4.9/../../../:/lib/:/usr/lib/]
  ignore line: [COLLECT_GCC_OPTIONS='-v' '-o' 'cmTC_fefd0' '-rdynamic' '-mlittle-endian' '-mabi=lp64']
  link line: [ /usr/lib/gcc/aarch64-linux-gnu/4.9/collect2 -plugin /usr/lib/gcc/aarch64-linux-gnu/4.9/liblto_plugin.so -plugin-opt=/usr/lib/gcc/aarch64-linux-gnu/4.9/lto-wrapper -plugin-opt=-fresolution=/tmp/ccC96OKa.res -plugin-opt=-pass-through=-lgcc -plugin-opt=-pass-through=-lgcc_s -plugin-opt=-pass-through=-lc -plugin-opt=-pass-through=-lgcc -plugin-opt=-pass-through=-lgcc_s --sysroot=/ --build-id --eh-frame-hdr --hash-style=gnu --as-needed -export-dynamic -dynamic-linker /lib/ld-linux-aarch64.so.1 -X -EL -maarch64linux -z relro -o cmTC_fefd0 /usr/lib/gcc/aarch64-linux-gnu/4.9/../../../aarch64-linux-gnu/crt1.o /usr/lib/gcc/aarch64-linux-gnu/4.9/../../../aarch64-linux-gnu/crti.o /usr/lib/gcc/aarch64-linux-gnu/4.9/crtbegin.o -L/usr/lib/gcc/aarch64-linux-gnu/4.9 -L/usr/lib/gcc/aarch64-linux-gnu/4.9/../../../aarch64-linux-gnu -L/usr/lib/gcc/aarch64-linux-gnu/4.9/../../../../lib -L/lib/aarch64-linux-gnu -L/lib/../lib -L/usr/lib/aarch64-linux-gnu -L/usr/lib/../lib -L/usr/lib/gcc/aarch64-linux-gnu/4.9/../../.. CMakeFiles/cmTC_fefd0.dir/CMakeCCompilerABI.c.o -lgcc --as-needed -lgcc_s --no-as-needed -lc -lgcc --as-needed -lgcc_s --no-as-needed /usr/lib/gcc/aarch64-linux-gnu/4.9/crtend.o /usr/lib/gcc/aarch64-linux-gnu/4.9/../../../aarch64-linux-gnu/crtn.o]
    arg [/usr/lib/gcc/aarch64-linux-gnu/4.9/collect2] ==> ignore
    arg [-plugin] ==> ignore
    arg [/usr/lib/gcc/aarch64-linux-gnu/4.9/liblto_plugin.so] ==> ignore
    arg [-plugin-opt=/usr/lib/gcc/aarch64-linux-gnu/4.9/lto-wrapper] ==> ignore
    arg [-plugin-opt=-fresolution=/tmp/ccC96OKa.res] ==> ignore
    arg [-plugin-opt=-pass-through=-lgcc] ==> ignore
    arg [-plugin-opt=-pass-through=-lgcc_s] ==> ignore
    arg [-plugin-opt=-pass-through=-lc] ==> ignore
    arg [-plugin-opt=-pass-through=-lgcc] ==> ignore
    arg [-plugin-opt=-pass-through=-lgcc_s] ==> ignore
    arg [--sysroot=/] ==> ignore
    arg [--build-id] ==> ignore
    arg [--eh-frame-hdr] ==> ignore
    arg [--hash-style=gnu] ==> ignore
    arg [--as-needed] ==> ignore
    arg [-export-dynamic] ==> ignore
    arg [-dynamic-linker] ==> ignore
    arg [/lib/ld-linux-aarch64.so.1] ==> ignore
    arg [-X] ==> ignore
    arg [-EL] ==> ignore
    arg [-maarch64linux] ==> ignore
    arg [-zrelro] ==> ignore
    arg [-o] ==> ignore
    arg [cmTC_fefd0] ==> ignore
    arg [/usr/lib/gcc/aarch64-linux-gnu/4.9/../../../aarch64-linux-gnu/crt1.o] ==> ignore
    arg [/usr/lib/gcc/aarch64-linux-gnu/4.9/../../../aarch64-linux-gnu/crti.o] ==> ignore
    arg [/usr/lib/gcc/aarch64-linux-gnu/4.9/crtbegin.o] ==> ignore
    arg [-L/usr/lib/gcc/aarch64-linux-gnu/4.9] ==> dir [/usr/lib/gcc/aarch64-linux-gnu/4.9]
    arg [-L/usr/lib/gcc/aarch64-linux-gnu/4.9/../../../aarch64-linux-gnu] ==> dir [/usr/lib/gcc/aarch64-linux-gnu/4.9/../../../aarch64-linux-gnu]
    arg [-L/usr/lib/gcc/aarch64-linux-gnu/4.9/../../../../lib] ==> dir [/usr/lib/gcc/aarch64-linux-gnu/4.9/../../../../lib]
    arg [-L/lib/aarch64-linux-gnu] ==> dir [/lib/aarch64-linux-gnu]
    arg [-L/lib/../lib] ==> dir [/lib/../lib]
    arg [-L/usr/lib/aarch64-linux-gnu] ==> dir [/usr/lib/aarch64-linux-gnu]
    arg [-L/usr/lib/../lib] ==> dir [/usr/lib/../lib]
    arg [-L/usr/lib/gcc/aarch64-linux-gnu/4.9/../../..] ==> dir [/usr/lib/gcc/aarch64-linux-gnu/4.9/../../..]
    arg [CMakeFiles/cmTC_fefd0.dir/CMakeCCompilerABI.c.o] ==> ignore
    arg [-lgcc] ==> lib [gcc]
    arg [--as-needed] ==> ignore
    arg [-lgcc_s] ==> lib [gcc_s]
    arg [--no-as-needed] ==> ignore
    arg [-lc] ==> lib [c]
    arg [-lgcc] ==> lib [gcc]
    arg [--as-needed] ==> ignore
    arg [-lgcc_s] ==> lib [gcc_s]
    arg [--no-as-needed] ==> ignore
    arg [/usr/lib/gcc/aarch64-linux-gnu/4.9/crtend.o] ==> ignore
    arg [/usr/lib/gcc/aarch64-linux-gnu/4.9/../../../aarch64-linux-gnu/crtn.o] ==> ignore
  remove lib [gcc]
  remove lib [gcc_s]
  remove lib [gcc]
  remove lib [gcc_s]
  collapse library dir [/usr/lib/gcc/aarch64-linux-gnu/4.9] ==> [/usr/lib/gcc/aarch64-linux-gnu/4.9]
  collapse library dir [/usr/lib/gcc/aarch64-linux-gnu/4.9/../../../aarch64-linux-gnu] ==> [/usr/lib/aarch64-linux-gnu]
  collapse library dir [/usr/lib/gcc/aarch64-linux-gnu/4.9/../../../../lib] ==> [/usr/lib]
  collapse library dir [/lib/aarch64-linux-gnu] ==> [/lib/aarch64-linux-gnu]
  collapse library dir [/lib/../lib] ==> [/lib]
  collapse library dir [/usr/lib/aarch64-linux-gnu] ==> [/usr/lib/aarch64-linux-gnu]
  collapse library dir [/usr/lib/../lib] ==> [/usr/lib]
  collapse library dir [/usr/lib/gcc/aarch64-linux-gnu/4.9/../../..] ==> [/usr/lib]
  implicit libs: [c]
  implicit dirs: [/usr/lib/gcc/aarch64-linux-gnu/4.9;/usr/lib/aarch64-linux-gnu;/usr/lib;/lib/aarch64-linux-gnu;/lib]
  implicit fwks: []




Detecting C [-std=c11] compiler features compiled with the following output:
Change Dir: /tmp/tmp.IGrGkNw3hB/cmake-build-debug-remote/CMakeFiles/CMakeTmp

Run Build Command:"/usr/bin/make" "cmTC_cb2ea/fast"
/usr/bin/make -f CMakeFiles/cmTC_cb2ea.dir/build.make CMakeFiles/cmTC_cb2ea.dir/build
make[1]: Entering directory '/tmp/tmp.IGrGkNw3hB/cmake-build-debug-remote/CMakeFiles/CMakeTmp'
Building C object CMakeFiles/cmTC_cb2ea.dir/feature_tests.c.o
/usr/bin/cc    -std=c11 -o CMakeFiles/cmTC_cb2ea.dir/feature_tests.c.o   -c /tmp/tmp.IGrGkNw3hB/cmake-build-debug-remote/CMakeFiles/feature_tests.c
Linking C executable cmTC_cb2ea
/usr/bin/cmake -E cmake_link_script CMakeFiles/cmTC_cb2ea.dir/link.txt --verbose=1
/usr/bin/cc       CMakeFiles/cmTC_cb2ea.dir/feature_tests.c.o  -o cmTC_cb2ea -rdynamic 
make[1]: Leaving directory '/tmp/tmp.IGrGkNw3hB/cmake-build-debug-remote/CMakeFiles/CMakeTmp'


    Feature record: C_FEATURE:1c_function_prototypes
    Feature record: C_FEATURE:1c_restrict
    Feature record: C_FEATURE:1c_static_assert
    Feature record: C_FEATURE:1c_variadic_macros


Detecting C [-std=c99] compiler features compiled with the following output:
Change Dir: /tmp/tmp.IGrGkNw3hB/cmake-build-debug-remote/CMakeFiles/CMakeTmp

Run Build Command:"/usr/bin/make" "cmTC_d5ca0/fast"
/usr/bin/make -f CMakeFiles/cmTC_d5ca0.dir/build.make CMakeFiles/cmTC_d5ca0.dir/build
make[1]: Entering directory '/tmp/tmp.IGrGkNw3hB/cmake-build-debug-remote/CMakeFiles/CMakeTmp'
Building C object CMakeFiles/cmTC_d5ca0.dir/feature_tests.c.o
/usr/bin/cc    -std=c99 -o CMakeFiles/cmTC_d5ca0.dir/feature_tests.c.o   -c /tmp/tmp.IGrGkNw3hB/cmake-build-debug-remote/CMakeFiles/feature_tests.c
Linking C executable cmTC_d5ca0
/usr/bin/cmake -E cmake_link_script CMakeFiles/cmTC_d5ca0.dir/link.txt --verbose=1
/usr/bin/cc       CMakeFiles/cmTC_d5ca0.dir/feature_tests.c.o  -o cmTC_d5ca0 -rdynamic 
make[1]: Leaving directory '/tmp/tmp.IGrGkNw3hB/cmake-build-debug-remote/CMakeFiles/CMakeTmp'


    Feature record: C_FEATURE:1c_function_prototypes
    Feature record: C_FEATURE:1c_restrict
    Feature record: C_FEATURE:0c_static_assert
    Feature record: C_FEATURE:1c_variadic_macros


Detecting C [-std=c90] compiler features compiled with the following output:
Change Dir: /tmp/tmp.IGrGkNw3hB/cmake-build-debug-remote/CMakeFiles/CMakeTmp

Run Build Command:"/usr/bin/make" "cmTC_29209/fast"
/usr/bin/make -f CMakeFiles/cmTC_29209.dir/build.make CMakeFiles/cmTC_29209.dir/build
make[1]: Entering directory '/tmp/tmp.IGrGkNw3hB/cmake-build-debug-remote/CMakeFiles/CMakeTmp'
Building C object CMakeFiles/cmTC_29209.dir/feature_tests.c.o
/usr/bin/cc    -std=c90 -o CMakeFiles/cmTC_29209.dir/feature_tests.c.o   -c /tmp/tmp.IGrGkNw3hB/cmake-build-debug-remote/CMakeFiles/feature_tests.c
Linking C executable cmTC_29209
/usr/bin/cmake -E cmake_link_script CMakeFiles/cmTC_29209.dir/link.txt --verbose=1
/usr/bin/cc       CMakeFiles/cmTC_29209.dir/feature_tests.c.o  -o cmTC_29209 -rdynamic 
make[1]: Leaving directory '/tmp/tmp.IGrGkNw3hB/cmake-build-debug-remote/CMakeFiles/CMakeTmp'


    Feature record: C_FEATURE:1c_function_prototypes
    Feature record: C_FEATURE:0c_restrict
    Feature record: C_FEATURE:0c_static_assert
    Feature record: C_FEATURE:0c_variadic_macros
Determining if the CXX compiler works passed with the following output:
Change Dir: /tmp/tmp.IGrGkNw3hB/cmake-build-debug-remote/CMakeFiles/CMakeTmp

Run Build Command:"/usr/bin/make" "cmTC_6c2bc/fast"
/usr/bin/make -f CMakeFiles/cmTC_6c2bc.dir/build.make CMakeFiles/cmTC_6c2bc.dir/build
make[1]: Entering directory '/tmp/tmp.IGrGkNw3hB/cmake-build-debug-remote/CMakeFiles/CMakeTmp'
Building CXX object CMakeFiles/cmTC_6c2bc.dir/testCXXCompiler.cxx.o
/usr/bin/c++      -o CMakeFiles/cmTC_6c2bc.dir/testCXXCompiler.cxx.o -c /tmp/tmp.IGrGkNw3hB/cmake-build-debug-remote/CMakeFiles/CMakeTmp/testCXXCompiler.cxx
Linking CXX executable cmTC_6c2bc
/usr/bin/cmake -E cmake_link_script CMakeFiles/cmTC_6c2bc.dir/link.txt --verbose=1
/usr/bin/c++        CMakeFiles/cmTC_6c2bc.dir/testCXXCompiler.cxx.o  -o cmTC_6c2bc -rdynamic 
make[1]: Leaving directory '/tmp/tmp.IGrGkNw3hB/cmake-build-debug-remote/CMakeFiles/CMakeTmp'


Detecting CXX compiler ABI info compiled with the following output:
Change Dir: /tmp/tmp.IGrGkNw3hB/cmake-build-debug-remote/CMakeFiles/CMakeTmp

Run Build Command:"/usr/bin/make" "cmTC_3b55f/fast"
/usr/bin/make -f CMakeFiles/cmTC_3b55f.dir/build.make CMakeFiles/cmTC_3b55f.dir/build
make[1]: Entering directory '/tmp/tmp.IGrGkNw3hB/cmake-build-debug-remote/CMakeFiles/CMakeTmp'
Building CXX object CMakeFiles/cmTC_3b55f.dir/CMakeCXXCompilerABI.cpp.o
/usr/bin/c++      -o CMakeFiles/cmTC_3b55f.dir/CMakeCXXCompilerABI.cpp.o -c /usr/share/cmake-3.5/Modules/CMakeCXXCompilerABI.cpp
Linking CXX executable cmTC_3b55f
/usr/bin/cmake -E cmake_link_script CMakeFiles/cmTC_3b55f.dir/link.txt --verbose=1
/usr/bin/c++       -v CMakeFiles/cmTC_3b55f.dir/CMakeCXXCompilerABI.cpp.o  -o cmTC_3b55f -rdynamic  
Using built-in specs.
COLLECT_GCC=/usr/bin/c++
COLLECT_LTO_WRAPPER=/usr/lib/gcc/aarch64-linux-gnu/4.9/lto-wrapper
Target: aarch64-linux-gnu
Configured with: ../src/configure -v --with-pkgversion='Ubuntu/Linaro 4.9.3-13ubuntu2' --with-bugurl=file:///usr/share/doc/gcc-4.9/README.Bugs --enable-languages=c,c++,java,go,d,fortran,objc,obj-c++ --prefix=/usr --program-suffix=-4.9 --enable-shared --enable-linker-build-id --libexecdir=/usr/lib --without-included-gettext --enable-threads=posix --with-gxx-include-dir=/usr/include/c++/4.9 --libdir=/usr/lib --enable-nls --with-sysroot=/ --enable-clocale=gnu --enable-libstdcxx-debug --enable-libstdcxx-time=yes --enable-gnu-unique-object --disable-libsanitizer --disable-libquadmath --enable-plugin --with-system-zlib --disable-browser-plugin --enable-java-awt=gtk --enable-gtk-cairo --with-java-home=/usr/lib/jvm/java-1.5.0-gcj-4.9-arm64/jre --enable-java-home --with-jvm-root-dir=/usr/lib/jvm/java-1.5.0-gcj-4.9-arm64 --with-jvm-jar-dir=/usr/lib/jvm-exports/java-1.5.0-gcj-4.9-arm64 --with-arch-directory=arm64 --with-ecj-jar=/usr/share/java/eclipse-ecj.jar --enable-multiarch --disable-werror --enable-checking=release --build=aarch64-linux-gnu --host=aarch64-linux-gnu --target=aarch64-linux-gnu
Thread model: posix
gcc version 4.9.3 (Ubuntu/Linaro 4.9.3-13ubuntu2) 
COMPILER_PATH=/usr/lib/gcc/aarch64-linux-gnu/4.9/:/usr/lib/gcc/aarch64-linux-gnu/4.9/:/usr/lib/gcc/aarch64-linux-gnu/:/usr/lib/gcc/aarch64-linux-gnu/4.9/:/usr/lib/gcc/aarch64-linux-gnu/
LIBRARY_PATH=/usr/lib/gcc/aarch64-linux-gnu/4.9/:/usr/lib/gcc/aarch64-linux-gnu/4.9/../../../aarch64-linux-gnu/:/usr/lib/gcc/aarch64-linux-gnu/4.9/../../../../lib/:/lib/aarch64-linux-gnu/:/lib/../lib/:/usr/lib/aarch64-linux-gnu/:/usr/lib/../lib/:/usr/lib/gcc/aarch64-linux-gnu/4.9/../../../:/lib/:/usr/lib/
COLLECT_GCC_OPTIONS='-v' '-o' 'cmTC_3b55f' '-rdynamic' '-shared-libgcc' '-mlittle-endian' '-mabi=lp64'
 /usr/lib/gcc/aarch64-linux-gnu/4.9/collect2 -plugin /usr/lib/gcc/aarch64-linux-gnu/4.9/liblto_plugin.so -plugin-opt=/usr/lib/gcc/aarch64-linux-gnu/4.9/lto-wrapper -plugin-opt=-fresolution=/tmp/ccqb2sCy.res -plugin-opt=-pass-through=-lgcc_s -plugin-opt=-pass-through=-lgcc -plugin-opt=-pass-through=-lc -plugin-opt=-pass-through=-lgcc_s -plugin-opt=-pass-through=-lgcc --sysroot=/ --build-id --eh-frame-hdr --hash-style=gnu --as-needed -export-dynamic -dynamic-linker /lib/ld-linux-aarch64.so.1 -X -EL -maarch64linux -z relro -o cmTC_3b55f /usr/lib/gcc/aarch64-linux-gnu/4.9/../../../aarch64-linux-gnu/crt1.o /usr/lib/gcc/aarch64-linux-gnu/4.9/../../../aarch64-linux-gnu/crti.o /usr/lib/gcc/aarch64-linux-gnu/4.9/crtbegin.o -L/usr/lib/gcc/aarch64-linux-gnu/4.9 -L/usr/lib/gcc/aarch64-linux-gnu/4.9/../../../aarch64-linux-gnu -L/usr/lib/gcc/aarch64-linux-gnu/4.9/../../../../lib -L/lib/aarch64-linux-gnu -L/lib/../lib -L/usr/lib/aarch64-linux-gnu -L/usr/lib/../lib -L/usr/lib/gcc/aarch64-linux-gnu/4.9/../../.. CMakeFiles/cmTC_3b55f.dir/CMakeCXXCompilerABI.cpp.o -lstdc++ -lm -lgcc_s -lgcc -lc -lgcc_s -lgcc /usr/lib/gcc/aarch64-linux-gnu/4.9/crtend.o /usr/lib/gcc/aarch64-linux-gnu/4.9/../../../aarch64-linux-gnu/crtn.o
make[1]: Leaving directory '/tmp/tmp.IGrGkNw3hB/cmake-build-debug-remote/CMakeFiles/CMakeTmp'


Parsed CXX implicit link information from above output:
  link line regex: [^( *|.*[/\])(ld|([^/\]+-)?ld|collect2)[^/\]*( |$)]
  ignore line: [Change Dir: /tmp/tmp.IGrGkNw3hB/cmake-build-debug-remote/CMakeFiles/CMakeTmp]
  ignore line: []
  ignore line: [Run Build Command:"/usr/bin/make" "cmTC_3b55f/fast"]
  ignore line: [/usr/bin/make -f CMakeFiles/cmTC_3b55f.dir/build.make CMakeFiles/cmTC_3b55f.dir/build]
  ignore line: [make[1]: Entering directory '/tmp/tmp.IGrGkNw3hB/cmake-build-debug-remote/CMakeFiles/CMakeTmp']
  ignore line: [Building CXX object CMakeFiles/cmTC_3b55f.dir/CMakeCXXCompilerABI.cpp.o]
  ignore line: [/usr/bin/c++      -o CMakeFiles/cmTC_3b55f.dir/CMakeCXXCompilerABI.cpp.o -c /usr/share/cmake-3.5/Modules/CMakeCXXCompilerABI.cpp]
  ignore line: [Linking CXX executable cmTC_3b55f]
  ignore line: [/usr/bin/cmake -E cmake_link_script CMakeFiles/cmTC_3b55f.dir/link.txt --verbose=1]
  ignore line: [/usr/bin/c++       -v CMakeFiles/cmTC_3b55f.dir/CMakeCXXCompilerABI.cpp.o  -o cmTC_3b55f -rdynamic  ]
  ignore line: [Using built-in specs.]
  ignore line: [COLLECT_GCC=/usr/bin/c++]
  ignore line: [COLLECT_LTO_WRAPPER=/usr/lib/gcc/aarch64-linux-gnu/4.9/lto-wrapper]
  ignore line: [Target: aarch64-linux-gnu]
  ignore line: [Configured with: ../src/configure -v --with-pkgversion='Ubuntu/Linaro 4.9.3-13ubuntu2' --with-bugurl=file:///usr/share/doc/gcc-4.9/README.Bugs --enable-languages=c,c++,java,go,d,fortran,objc,obj-c++ --prefix=/usr --program-suffix=-4.9 --enable-shared --enable-linker-build-id --libexecdir=/usr/lib --without-included-gettext --enable-threads=posix --with-gxx-include-dir=/usr/include/c++/4.9 --libdir=/usr/lib --enable-nls --with-sysroot=/ --enable-clocale=gnu --enable-libstdcxx-debug --enable-libstdcxx-time=yes --enable-gnu-unique-object --disable-libsanitizer --disable-libquadmath --enable-plugin --with-system-zlib --disable-browser-plugin --enable-java-awt=gtk --enable-gtk-cairo --with-java-home=/usr/lib/jvm/java-1.5.0-gcj-4.9-arm64/jre --enable-java-home --with-jvm-root-dir=/usr/lib/jvm/java-1.5.0-gcj-4.9-arm64 --with-jvm-jar-dir=/usr/lib/jvm-exports/java-1.5.0-gcj-4.9-arm64 --with-arch-directory=arm64 --with-ecj-jar=/usr/share/java/eclipse-ecj.jar --enable-multiarch --disable-werror --enable-checking=release --build=aarch64-linux-gnu --host=aarch64-linux-gnu --target=aarch64-linux-gnu]
  ignore line: [Thread model: posix]
  ignore line: [gcc version 4.9.3 (Ubuntu/Linaro 4.9.3-13ubuntu2) ]
  ignore line: [COMPILER_PATH=/usr/lib/gcc/aarch64-linux-gnu/4.9/:/usr/lib/gcc/aarch64-linux-gnu/4.9/:/usr/lib/gcc/aarch64-linux-gnu/:/usr/lib/gcc/aarch64-linux-gnu/4.9/:/usr/lib/gcc/aarch64-linux-gnu/]
  ignore line: [LIBRARY_PATH=/usr/lib/gcc/aarch64-linux-gnu/4.9/:/usr/lib/gcc/aarch64-linux-gnu/4.9/../../../aarch64-linux-gnu/:/usr/lib/gcc/aarch64-linux-gnu/4.9/../../../../lib/:/lib/aarch64-linux-gnu/:/lib/../lib/:/usr/lib/aarch64-linux-gnu/:/usr/lib/../lib/:/usr/lib/gcc/aarch64-linux-gnu/4.9/../../../:/lib/:/usr/lib/]
  ignore line: [COLLECT_GCC_OPTIONS='-v' '-o' 'cmTC_3b55f' '-rdynamic' '-shared-libgcc' '-mlittle-endian' '-mabi=lp64']
  link line: [ /usr/lib/gcc/aarch64-linux-gnu/4.9/collect2 -plugin /usr/lib/gcc/aarch64-linux-gnu/4.9/liblto_plugin.so -plugin-opt=/usr/lib/gcc/aarch64-linux-gnu/4.9/lto-wrapper -plugin-opt=-fresolution=/tmp/ccqb2sCy.res -plugin-opt=-pass-through=-lgcc_s -plugin-opt=-pass-through=-lgcc -plugin-opt=-pass-through=-lc -plugin-opt=-pass-through=-lgcc_s -plugin-opt=-pass-through=-lgcc --sysroot=/ --build-id --eh-frame-hdr --hash-style=gnu --as-needed -export-dynamic -dynamic-linker /lib/ld-linux-aarch64.so.1 -X -EL -maarch64linux -z relro -o cmTC_3b55f /usr/lib/gcc/aarch64-linux-gnu/4.9/../../../aarch64-linux-gnu/crt1.o /usr/lib/gcc/aarch64-linux-gnu/4.9/../../../aarch64-linux-gnu/crti.o /usr/lib/gcc/aarch64-linux-gnu/4.9/crtbegin.o -L/usr/lib/gcc/aarch64-linux-gnu/4.9 -L/usr/lib/gcc/aarch64-linux-gnu/4.9/../../../aarch64-linux-gnu -L/usr/lib/gcc/aarch64-linux-gnu/4.9/../../../../lib -L/lib/aarch64-linux-gnu -L/lib/../lib -L/usr/lib/aarch64-linux-gnu -L/usr/lib/../lib -L/usr/lib/gcc/aarch64-linux-gnu/4.9/../../.. CMakeFiles/cmTC_3b55f.dir/CMakeCXXCompilerABI.cpp.o -lstdc++ -lm -lgcc_s -lgcc -lc -lgcc_s -lgcc /usr/lib/gcc/aarch64-linux-gnu/4.9/crtend.o /usr/lib/gcc/aarch64-linux-gnu/4.9/../../../aarch64-linux-gnu/crtn.o]
    arg [/usr/lib/gcc/aarch64-linux-gnu/4.9/collect2] ==> ignore
    arg [-plugin] ==> ignore
    arg [/usr/lib/gcc/aarch64-linux-gnu/4.9/liblto_plugin.so] ==> ignore
    arg [-plugin-opt=/usr/lib/gcc/aarch64-linux-gnu/4.9/lto-wrapper] ==> ignore
    arg [-plugin-opt=-fresolution=/tmp/ccqb2sCy.res] ==> ignore
    arg [-plugin-opt=-pass-through=-lgcc_s] ==> ignore
    arg [-plugin-opt=-pass-through=-lgcc] ==> ignore
    arg [-plugin-opt=-pass-through=-lc] ==> ignore
    arg [-plugin-opt=-pass-through=-lgcc_s] ==> ignore
    arg [-plugin-opt=-pass-through=-lgcc] ==> ignore
    arg [--sysroot=/] ==> ignore
    arg [--build-id] ==> ignore
    arg [--eh-frame-hdr] ==> ignore
    arg [--hash-style=gnu] ==> ignore
    arg [--as-needed] ==> ignore
    arg [-export-dynamic] ==> ignore
    arg [-dynamic-linker] ==> ignore
    arg [/lib/ld-linux-aarch64.so.1] ==> ignore
    arg [-X] ==> ignore
    arg [-EL] ==> ignore
    arg [-maarch64linux] ==> ignore
    arg [-zrelro] ==> ignore
    arg [-o] ==> ignore
    arg [cmTC_3b55f] ==> ignore
    arg [/usr/lib/gcc/aarch64-linux-gnu/4.9/../../../aarch64-linux-gnu/crt1.o] ==> ignore
    arg [/usr/lib/gcc/aarch64-linux-gnu/4.9/../../../aarch64-linux-gnu/crti.o] ==> ignore
    arg [/usr/lib/gcc/aarch64-linux-gnu/4.9/crtbegin.o] ==> ignore
    arg [-L/usr/lib/gcc/aarch64-linux-gnu/4.9] ==> dir [/usr/lib/gcc/aarch64-linux-gnu/4.9]
    arg [-L/usr/lib/gcc/aarch64-linux-gnu/4.9/../../../aarch64-linux-gnu] ==> dir [/usr/lib/gcc/aarch64-linux-gnu/4.9/../../../aarch64-linux-gnu]
    arg [-L/usr/lib/gcc/aarch64-linux-gnu/4.9/../../../../lib] ==> dir [/usr/lib/gcc/aarch64-linux-gnu/4.9/../../../../lib]
    arg [-L/lib/aarch64-linux-gnu] ==> dir [/lib/aarch64-linux-gnu]
    arg [-L/lib/../lib] ==> dir [/lib/../lib]
    arg [-L/usr/lib/aarch64-linux-gnu] ==> dir [/usr/lib/aarch64-linux-gnu]
    arg [-L/usr/lib/../lib] ==> dir [/usr/lib/../lib]
    arg [-L/usr/lib/gcc/aarch64-linux-gnu/4.9/../../..] ==> dir [/usr/lib/gcc/aarch64-linux-gnu/4.9/../../..]
    arg [CMakeFiles/cmTC_3b55f.dir/CMakeCXXCompilerABI.cpp.o] ==> ignore
    arg [-lstdc++] ==> lib [stdc++]
    arg [-lm] ==> lib [m]
    arg [-lgcc_s] ==> lib [gcc_s]
    arg [-lgcc] ==> lib [gcc]
    arg [-lc] ==> lib [c]
    arg [-lgcc_s] ==> lib [gcc_s]
    arg [-lgcc] ==> lib [gcc]
    arg [/usr/lib/gcc/aarch64-linux-gnu/4.9/crtend.o] ==> ignore
    arg [/usr/lib/gcc/aarch64-linux-gnu/4.9/../../../aarch64-linux-gnu/crtn.o] ==> ignore
  remove lib [gcc_s]
  remove lib [gcc]
  remove lib [gcc_s]
  remove lib [gcc]
  collapse library dir [/usr/lib/gcc/aarch64-linux-gnu/4.9] ==> [/usr/lib/gcc/aarch64-linux-gnu/4.9]
  collapse library dir [/usr/lib/gcc/aarch64-linux-gnu/4.9/../../../aarch64-linux-gnu] ==> [/usr/lib/aarch64-linux-gnu]
  collapse library dir [/usr/lib/gcc/aarch64-linux-gnu/4.9/../../../../lib] ==> [/usr/lib]
  collapse library dir [/lib/aarch64-linux-gnu] ==> [/lib/aarch64-linux-gnu]
  collapse library dir [/lib/../lib] ==> [/lib]
  collapse library dir [/usr/lib/aarch64-linux-gnu] ==> [/usr/lib/aarch64-linux-gnu]
  collapse library dir [/usr/lib/../lib] ==> [/usr/lib]
  collapse library dir [/usr/lib/gcc/aarch64-linux-gnu/4.9/../../..] ==> [/usr/lib]
  implicit libs: [stdc++;m;c]
  implicit dirs: [/usr/lib/gcc/aarch64-linux-gnu/4.9;/usr/lib/aarch64-linux-gnu;/usr/lib;/lib/aarch64-linux-gnu;/lib]
  implicit fwks: []




Detecting CXX [-std=c++14] compiler features compiled with the following output:
Change Dir: /tmp/tmp.IGrGkNw3hB/cmake-build-debug-remote/CMakeFiles/CMakeTmp

Run Build Command:"/usr/bin/make" "cmTC_fc548/fast"
/usr/bin/make -f CMakeFiles/cmTC_fc548.dir/build.make CMakeFiles/cmTC_fc548.dir/build
make[1]: Entering directory '/tmp/tmp.IGrGkNw3hB/cmake-build-debug-remote/CMakeFiles/CMakeTmp'
Building CXX object CMakeFiles/cmTC_fc548.dir/feature_tests.cxx.o
/usr/bin/c++     -std=c++14 -o CMakeFiles/cmTC_fc548.dir/feature_tests.cxx.o -c /tmp/tmp.IGrGkNw3hB/cmake-build-debug-remote/CMakeFiles/feature_tests.cxx
Linking CXX executable cmTC_fc548
/usr/bin/cmake -E cmake_link_script CMakeFiles/cmTC_fc548.dir/link.txt --verbose=1
/usr/bin/c++        CMakeFiles/cmTC_fc548.dir/feature_tests.cxx.o  -o cmTC_fc548 -rdynamic 
make[1]: Leaving directory '/tmp/tmp.IGrGkNw3hB/cmake-build-debug-remote/CMakeFiles/CMakeTmp'


    Feature record: CXX_FEATURE:0cxx_aggregate_default_initializers
    Feature record: CXX_FEATURE:1cxx_alias_templates
    Feature record: CXX_FEATURE:1cxx_alignas
    Feature record: CXX_FEATURE:1cxx_alignof
    Feature record: CXX_FEATURE:1cxx_attributes
    Feature record: CXX_FEATURE:1cxx_attribute_deprecated
    Feature record: CXX_FEATURE:1cxx_auto_type
    Feature record: CXX_FEATURE:1cxx_binary_literals
    Feature record: CXX_FEATURE:1cxx_constexpr
    Feature record: CXX_FEATURE:1cxx_contextual_conversions
    Feature record: CXX_FEATURE:1cxx_decltype
    Feature record: CXX_FEATURE:1cxx_decltype_auto
    Feature record: CXX_FEATURE:1cxx_decltype_incomplete_return_types
    Feature record: CXX_FEATURE:1cxx_default_function_template_args
    Feature record: CXX_FEATURE:1cxx_defaulted_functions
    Feature record: CXX_FEATURE:1cxx_defaulted_move_initializers
    Feature record: CXX_FEATURE:1cxx_delegating_constructors
    Feature record: CXX_FEATURE:1cxx_deleted_functions
    Feature record: CXX_FEATURE:1cxx_digit_separators
    Feature record: CXX_FEATURE:1cxx_enum_forward_declarations
    Feature record: CXX_FEATURE:1cxx_explicit_conversions
    Feature record: CXX_FEATURE:1cxx_extended_friend_declarations
    Feature record: CXX_FEATURE:1cxx_extern_templates
    Feature record: CXX_FEATURE:1cxx_final
    Feature record: CXX_FEATURE:1cxx_func_identifier
    Feature record: CXX_FEATURE:1cxx_generalized_initializers
    Feature record: CXX_FEATURE:1cxx_generic_lambdas
    Feature record: CXX_FEATURE:1cxx_inheriting_constructors
    Feature record: CXX_FEATURE:1cxx_inline_namespaces
    Feature record: CXX_FEATURE:1cxx_lambdas
    Feature record: CXX_FEATURE:1cxx_lambda_init_captures
    Feature record: CXX_FEATURE:1cxx_local_type_template_args
    Feature record: CXX_FEATURE:1cxx_long_long_type
    Feature record: CXX_FEATURE:1cxx_noexcept
    Feature record: CXX_FEATURE:1cxx_nonstatic_member_init
    Feature record: CXX_FEATURE:1cxx_nullptr
    Feature record: CXX_FEATURE:1cxx_override
    Feature record: CXX_FEATURE:1cxx_range_for
    Feature record: CXX_FEATURE:1cxx_raw_string_literals
    Feature record: CXX_FEATURE:1cxx_reference_qualified_functions
    Feature record: CXX_FEATURE:0cxx_relaxed_constexpr
    Feature record: CXX_FEATURE:1cxx_return_type_deduction
    Feature record: CXX_FEATURE:1cxx_right_angle_brackets
    Feature record: CXX_FEATURE:1cxx_rvalue_references
    Feature record: CXX_FEATURE:1cxx_sizeof_member
    Feature record: CXX_FEATURE:1cxx_static_assert
    Feature record: CXX_FEATURE:1cxx_strong_enums
    Feature record: CXX_FEATURE:1cxx_template_template_parameters
    Feature record: CXX_FEATURE:1cxx_thread_local
    Feature record: CXX_FEATURE:1cxx_trailing_return_types
    Feature record: CXX_FEATURE:1cxx_unicode_literals
    Feature record: CXX_FEATURE:1cxx_uniform_initialization
    Feature record: CXX_FEATURE:1cxx_unrestricted_unions
    Feature record: CXX_FEATURE:1cxx_user_literals
    Feature record: CXX_FEATURE:0cxx_variable_templates
    Feature record: CXX_FEATURE:1cxx_variadic_macros
    Feature record: CXX_FEATURE:1cxx_variadic_templates


Detecting CXX [-std=c++11] compiler features compiled with the following output:
Change Dir: /tmp/tmp.IGrGkNw3hB/cmake-build-debug-remote/CMakeFiles/CMakeTmp

Run Build Command:"/usr/bin/make" "cmTC_a1e68/fast"
/usr/bin/make -f CMakeFiles/cmTC_a1e68.dir/build.make CMakeFiles/cmTC_a1e68.dir/build
make[1]: Entering directory '/tmp/tmp.IGrGkNw3hB/cmake-build-debug-remote/CMakeFiles/CMakeTmp'
Building CXX object CMakeFiles/cmTC_a1e68.dir/feature_tests.cxx.o
/usr/bin/c++     -std=c++11 -o CMakeFiles/cmTC_a1e68.dir/feature_tests.cxx.o -c /tmp/tmp.IGrGkNw3hB/cmake-build-debug-remote/CMakeFiles/feature_tests.cxx
Linking CXX executable cmTC_a1e68
/usr/bin/cmake -E cmake_link_script CMakeFiles/cmTC_a1e68.dir/link.txt --verbose=1
/usr/bin/c++        CMakeFiles/cmTC_a1e68.dir/feature_tests.cxx.o  -o cmTC_a1e68 -rdynamic 
make[1]: Leaving directory '/tmp/tmp.IGrGkNw3hB/cmake-build-debug-remote/CMakeFiles/CMakeTmp'


    Feature record: CXX_FEATURE:0cxx_aggregate_default_initializers
    Feature record: CXX_FEATURE:1cxx_alias_templates
    Feature record: CXX_FEATURE:1cxx_alignas
    Feature record: CXX_FEATURE:1cxx_alignof
    Feature record: CXX_FEATURE:1cxx_attributes
    Feature record: CXX_FEATURE:0cxx_attribute_deprecated
    Feature record: CXX_FEATURE:1cxx_auto_type
    Feature record: CXX_FEATURE:0cxx_binary_literals
    Feature record: CXX_FEATURE:1cxx_constexpr
    Feature record: CXX_FEATURE:0cxx_contextual_conversions
    Feature record: CXX_FEATURE:1cxx_decltype
    Feature record: CXX_FEATURE:0cxx_decltype_auto
    Feature record: CXX_FEATURE:1cxx_decltype_incomplete_return_types
    Feature record: CXX_FEATURE:1cxx_default_function_template_args
    Feature record: CXX_FEATURE:1cxx_defaulted_functions
    Feature record: CXX_FEATURE:1cxx_defaulted_move_initializers
    Feature record: CXX_FEATURE:1cxx_delegating_constructors
    Feature record: CXX_FEATURE:1cxx_deleted_functions
    Feature record: CXX_FEATURE:0cxx_digit_separators
    Feature record: CXX_FEATURE:1cxx_enum_forward_declarations
    Feature record: CXX_FEATURE:1cxx_explicit_conversions
    Feature record: CXX_FEATURE:1cxx_extended_friend_declarations
    Feature record: CXX_FEATURE:1cxx_extern_templates
    Feature record: CXX_FEATURE:1cxx_final
    Feature record: CXX_FEATURE:1cxx_func_identifier
    Feature record: CXX_FEATURE:1cxx_generalized_initializers
    Feature record: CXX_FEATURE:0cxx_generic_lambdas
    Feature record: CXX_FEATURE:1cxx_inheriting_constructors
    Feature record: CXX_FEATURE:1cxx_inline_namespaces
    Feature record: CXX_FEATURE:1cxx_lambdas
    Feature record: CXX_FEATURE:0cxx_lambda_init_captures
    Feature record: CXX_FEATURE:1cxx_local_type_template_args
    Feature record: CXX_FEATURE:1cxx_long_long_type
    Feature record: CXX_FEATURE:1cxx_noexcept
    Feature record: CXX_FEATURE:1cxx_nonstatic_member_init
    Feature record: CXX_FEATURE:1cxx_nullptr
    Feature record: CXX_FEATURE:1cxx_override
    Feature record: CXX_FEATURE:1cxx_range_for
    Feature record: CXX_FEATURE:1cxx_raw_string_literals
    Feature record: CXX_FEATURE:1cxx_reference_qualified_functions
    Feature record: CXX_FEATURE:0cxx_relaxed_constexpr
    Feature record: CXX_FEATURE:0cxx_return_type_deduction
    Feature record: CXX_FEATURE:1cxx_right_angle_brackets
    Feature record: CXX_FEATURE:1cxx_rvalue_references
    Feature record: CXX_FEATURE:1cxx_sizeof_member
    Feature record: CXX_FEATURE:1cxx_static_assert
    Feature record: CXX_FEATURE:1cxx_strong_enums
    Feature record: CXX_FEATURE:1cxx_template_template_parameters
    Feature record: CXX_FEATURE:1cxx_thread_local
    Feature record: CXX_FEATURE:1cxx_trailing_return_types
    Feature record: CXX_FEATURE:1cxx_unicode_literals
    Feature record: CXX_FEATURE:1cxx_uniform_initialization
    Feature record: CXX_FEATURE:1cxx_unrestricted_unions
    Feature record: CXX_FEATURE:1cxx_user_literals
    Feature record: CXX_FEATURE:0cxx_variable_templates
    Feature record: CXX_FEATURE:1cxx_variadic_macros
    Feature record: CXX_FEATURE:1cxx_variadic_templates


Detecting CXX [-std=c++98] compiler features compiled with the following output:
Change Dir: /tmp/tmp.IGrGkNw3hB/cmake-build-debug-remote/CMakeFiles/CMakeTmp

Run Build Command:"/usr/bin/make" "cmTC_734d7/fast"
/usr/bin/make -f CMakeFiles/cmTC_734d7.dir/build.make CMakeFiles/cmTC_734d7.dir/build
make[1]: Entering directory '/tmp/tmp.IGrGkNw3hB/cmake-build-debug-remote/CMakeFiles/CMakeTmp'
Building CXX object CMakeFiles/cmTC_734d7.dir/feature_tests.cxx.o
/usr/bin/c++     -std=c++98 -o CMakeFiles/cmTC_734d7.dir/feature_tests.cxx.o -c /tmp/tmp.IGrGkNw3hB/cmake-build-debug-remote/CMakeFiles/feature_tests.cxx
Linking CXX executable cmTC_734d7
/usr/bin/cmake -E cmake_link_script CMakeFiles/cmTC_734d7.dir/link.txt --verbose=1
/usr/bin/c++        CMakeFiles/cmTC_734d7.dir/feature_tests.cxx.o  -o cmTC_734d7 -rdynamic 
make[1]: Leaving directory '/tmp/tmp.IGrGkNw3hB/cmake-build-debug-remote/CMakeFiles/CMakeTmp'


    Feature record: CXX_FEATURE:0cxx_aggregate_default_initializers
    Feature record: CXX_FEATURE:0cxx_alias_templates
    Feature record: CXX_FEATURE:0cxx_alignas
    Feature record: CXX_FEATURE:0cxx_alignof
    Feature record: CXX_FEATURE:0cxx_attributes
    Feature record: CXX_FEATURE:0cxx_attribute_deprecated
    Feature record: CXX_FEATURE:0cxx_auto_type
    Feature record: CXX_FEATURE:0cxx_binary_literals
    Feature record: CXX_FEATURE:0cxx_constexpr
    Feature record: CXX_FEATURE:0cxx_contextual_conversions
    Feature record: CXX_FEATURE:0cxx_decltype
    Feature record: CXX_FEATURE:0cxx_decltype_auto
    Feature record: CXX_FEATURE:0cxx_decltype_incomplete_return_types
    Feature record: CXX_FEATURE:0cxx_default_function_template_args
    Feature record: CXX_FEATURE:0cxx_defaulted_functions
    Feature record: CXX_FEATURE:0cxx_defaulted_move_initializers
    Feature record: CXX_FEATURE:0cxx_delegating_constructors
    Feature record: CXX_FEATURE:0cxx_deleted_functions
    Feature record: CXX_FEATURE:0cxx_digit_separators
    Feature record: CXX_FEATURE:0cxx_enum_forward_declarations
    Feature record: CXX_FEATURE:0cxx_explicit_conversions
    Feature record: CXX_FEATURE:0cxx_extended_friend_declarations
    Feature record: CXX_FEATURE:0cxx_extern_templates
    Feature record: CXX_FEATURE:0cxx_final
    Feature record: CXX_FEATURE:0cxx_func_identifier
    Feature record: CXX_FEATURE:0cxx_generalized_initializers
    Feature record: CXX_FEATURE:0cxx_generic_lambdas
    Feature record: CXX_FEATURE:0cxx_inheriting_constructors
    Feature record: CXX_FEATURE:0cxx_inline_namespaces
    Feature record: CXX_FEATURE:0cxx_lambdas
    Feature record: CXX_FEATURE:0cxx_lambda_init_captures
    Feature record: CXX_FEATURE:0cxx_local_type_template_args
    Feature record: CXX_FEATURE:0cxx_long_long_type
    Feature record: CXX_FEATURE:0cxx_noexcept
    Feature record: CXX_FEATURE:0cxx_nonstatic_member_init
    Feature record: CXX_FEATURE:0cxx_nullptr
    Feature record: CXX_FEATURE:0cxx_override
    Feature record: CXX_FEATURE:0cxx_range_for
    Feature record: CXX_FEATURE:0cxx_raw_string_literals
    Feature record: CXX_FEATURE:0cxx_reference_qualified_functions
    Feature record: CXX_FEATURE:0cxx_relaxed_constexpr
    Feature record: CXX_FEATURE:0cxx_return_type_deduction
    Feature record: CXX_FEATURE:0cxx_right_angle_brackets
    Feature record: CXX_FEATURE:0cxx_rvalue_references
    Feature record: CXX_FEATURE:0cxx_sizeof_member
    Feature record: CXX_FEATURE:0cxx_static_assert
    Feature record: CXX_FEATURE:0cxx_strong_enums
    Feature record: CXX_FEATURE:1cxx_template_template_parameters
    Feature record: CXX_FEATURE:0cxx_thread_local
    Feature record: CXX_FEATURE:0cxx_trailing_return_types
    Feature record: CXX_FEATURE:0cxx_unicode_literals
    Feature record: CXX_FEATURE:0cxx_uniform_initialization
    Feature record: CXX_FEATURE:0cxx_unrestricted_unions
    Feature record: CXX_FEATURE:0cxx_user_literals
    Feature record: CXX_FEATURE:0cxx_variable_templates
    Feature record: CXX_FEATURE:0cxx_variadic_macros
    Feature record: CXX_FEATURE:0cxx_variadic_templates
